<?xml version="1.0" encoding="UTF-8" ?>
<testsuite tests="6" failures="0" name="Part2.fooTest" time="0.011" errors="0" skipped="0">
  <properties>
[...]
</properties>
  <testcase classname="Part2.fooTest" name="foo[sides [0], [1], [2] results in [3] triangle]" time="0.01"/>
  <testcase classname="Part2.fooTest" name="foo[sides [0], [1], [2] results in [3] triangle]" time="0"/>
  <testcase classname="Part2.fooTest" name="foo[sides [0], [1], [2] results in [3] triangle]" time="0"/>
  <testcase classname="Part2.fooTest" name="foo[sides [0], [1], [2] results in [3] triangle]" time="0"/>
  <testcase classname="Part2.fooTest" name="foo[sides [0], [1], [2] results in [3] triangle]" time="0"/>
  <testcase classname="Part2.fooTest" name="foo[sides [0], [1], [2] results in [3] triangle]" time="0.001"/>
</testsuite>